
🌱 Fahamu Shamba MVP Server Running

━━━━━━━━━━━━━━━━━━━━━━━━━━━━━━━━━━━━━━━━━━━━━━━━━━━━━

📍 Server: http://localhost:5000

📱 USER INTERFACES:
   🏠 Farmer Dashboard: http://localhost:5000/farmer-dashboard
   📱 USSD Simulator:   http://localhost:5000/ussd-simulator
   🧪 API Tester:       http://localhost:5000/api-tester

🔌 API ENDPOINTS:
   POST /api/recommend           - Get crop recommendations
   POST /api/analyze-farm        - Full farm analysis
   POST /api/soil-assessment     - Soil quality check
   GET  /api/market-prices       - Current market prices
   GET  /api/weather-data        - Weather conditions
   POST /api/register-farmer     - Register new farmer
   GET  /api/sample-farmers      - Demo farmer data

📊 SYSTEM INFO:
   GET  /api/test                - API status
   GET  /api/health              - Health check
   GET  /api/stats               - System statistics
   GET  /api/farmers             - Registered farmers
   GET  /api/predictions         - Prediction history

⚙️  Environment: development
🗄️  Database: SQLite (fahamu_shamba.db)
━━━━━━━━━━━━━━━━━━━━━━━━━━━━━━━━━━━━━━━━━━━━━━━━━━━━━

✨ MVP is ready! Start with: http://localhost:5000/farmer-dashboard

Connected to SQLite database
Farmers table ready
Predictions table ready
Feedback table ready
