{"timestamp":"2025-12-04T08:10:00.839Z","adminId":null,"email":"admin@fahamu-shamba.com","action":"login_failure","details":{"reason":"User not found"},"status":"failure","ipAddress":"::1","userAgent":"Mozilla/5.0 (X11; Linux x86_64) AppleWebKit/537.36 (KHTML, like Gecko) Chrome/141.0.0.0 Safari/537.36","hash":"mir5o36084fyrssk9v4"}
{"timestamp":"2025-12-04T08:10:29.923Z","adminId":null,"email":"admin@fahamu-shamba.com","action":"login_failure","details":{"reason":"User not found"},"status":"failure","ipAddress":"::1","userAgent":"Mozilla/5.0 (X11; Linux x86_64) AppleWebKit/537.36 (KHTML, like Gecko) Chrome/141.0.0.0 Safari/537.36","hash":"mir5oplvs70wdsz8vr"}
{"timestamp":"2025-12-04T08:10:35.986Z","adminId":null,"email":"admin@fahamu-shamba.com","action":"login_failure","details":{"reason":"User not found"},"status":"failure","ipAddress":"::1","userAgent":"Mozilla/5.0 (X11; Linux x86_64) AppleWebKit/537.36 (KHTML, like Gecko) Chrome/141.0.0.0 Safari/537.36","hash":"mir5ouaaaf3t8u9h3ws"}
{"timestamp":"2025-12-04T08:10:37.533Z","adminId":null,"email":"admin@fahamu-shamba.com","action":"login_failure","details":{"reason":"User not found"},"status":"failure","ipAddress":"::1","userAgent":"Mozilla/5.0 (X11; Linux x86_64) AppleWebKit/537.36 (KHTML, like Gecko) Chrome/141.0.0.0 Safari/537.36","hash":"mir5ovh9c5usfr4tjru"}
{"timestamp":"2025-12-04T08:10:38.195Z","adminId":null,"email":"admin@fahamu-shamba.com","action":"login_failure","details":{"reason":"User not found"},"status":"failure","ipAddress":"::1","userAgent":"Mozilla/5.0 (X11; Linux x86_64) AppleWebKit/537.36 (KHTML, like Gecko) Chrome/141.0.0.0 Safari/537.36","hash":"mir5ovznv0egu4jkoql"}
{"timestamp":"2025-12-04T08:23:25.792Z","adminId":null,"email":"admin@fahamu-shamba","action":"login_failure","details":{"reason":"User not found"},"status":"failure","ipAddress":"::1","userAgent":"Mozilla/5.0 (X11; Linux x86_64) AppleWebKit/537.36 (KHTML, like Gecko) Chrome/141.0.0.0 Safari/537.36","hash":"mir65c9tb9in0a5f0ri"}
{"timestamp":"2025-12-04T08:30:10.459Z","adminId":null,"email":"cjoarogo@gmail.com","action":"login_failure","details":{"reason":"User not found"},"status":"failure","ipAddress":"::1","userAgent":"Mozilla/5.0 (X11; Linux x86_64) AppleWebKit/537.36 (KHTML, like Gecko) Chrome/141.0.0.0 Safari/537.36","hash":"mir6e0ijcnq8f3vqn25"}
{"timestamp":"2025-12-04T08:33:26.485Z","adminId":null,"email":"cjoarogo@gmail.com","action":"login_failure","details":{"reason":"User not found"},"status":"failure","ipAddress":"::1","userAgent":"Mozilla/5.0 (X11; Linux x86_64) AppleWebKit/537.36 (KHTML, like Gecko) Chrome/141.0.0.0 Safari/537.36","hash":"mir6i7rpczenv04setm"}
{"timestamp":"2025-12-04T08:33:35.514Z","adminId":null,"email":"cjoarogo@gmail.com","action":"login_failure","details":{"reason":"User not found"},"status":"failure","ipAddress":"::1","userAgent":"Mozilla/5.0 (X11; Linux x86_64) AppleWebKit/537.36 (KHTML, like Gecko) Chrome/141.0.0.0 Safari/537.36","hash":"mir6ieqikwl83qn7y1h"}
{"timestamp":"2025-12-04T08:34:01.384Z","adminId":null,"email":"cjoarogo@gmail.com","action":"login_failure","details":{"reason":"User not found"},"status":"failure","ipAddress":"::1","userAgent":"Mozilla/5.0 (X11; Linux x86_64) AppleWebKit/537.36 (KHTML, like Gecko) Chrome/141.0.0.0 Safari/537.36","hash":"mir6iyp4tyibjakhukm"}
{"timestamp":"2025-12-04T08:39:56.675Z","adminId":null,"email":"cjoarogo@gmail.com","action":"login_success","details":{"reason":"OTP sent"},"status":"success","ipAddress":"::1","userAgent":"curl/8.5.0","hash":"mir6qkuby6myig4r4g"}
{"timestamp":"2025-12-04T08:39:56.676Z","adminId":1,"email":"cjoarogo@gmail.com","action":"otp_sent","details":{"emailSent":false},"status":"success","ipAddress":"::1","userAgent":null,"hash":"mir6qkuc9ream55zw6j"}
{"timestamp":"2025-12-04T08:46:27.950Z","adminId":null,"email":"cjoarogo@gmail.com","action":"login_success","details":{"reason":"OTP sent"},"status":"success","ipAddress":"::1","userAgent":"Mozilla/5.0 (X11; Linux x86_64) AppleWebKit/537.36 (KHTML, like Gecko) Chrome/141.0.0.0 Safari/537.36","hash":"mir6yyr2e13og0x4kn"}
{"timestamp":"2025-12-04T08:46:27.951Z","adminId":1,"email":"cjoarogo@gmail.com","action":"otp_sent","details":{"emailSent":false},"status":"success","ipAddress":"::1","userAgent":null,"hash":"mir6yyr3rpze3l1hrxc"}
{"timestamp":"2025-12-04T08:50:56.431Z","adminId":1,"email":"cjoarogo@gmail.com","action":"mfa_otp_verification_failed","details":{"mfaType":"totp"},"status":"failure","ipAddress":"::1","userAgent":null,"hash":"mir74pwvfvhl4m5vaut"}
{"timestamp":"2025-12-04T08:52:14.957Z","adminId":null,"email":"cjoarogo@gmail.com","action":"login_success","details":{"reason":"OTP sent"},"status":"success","ipAddress":"::1","userAgent":"Mozilla/5.0 (X11; Linux x86_64) AppleWebKit/537.36 (KHTML, like Gecko) Chrome/141.0.0.0 Safari/537.36","hash":"mir76ei6abs844htphl"}
{"timestamp":"2025-12-04T08:52:14.958Z","adminId":1,"email":"cjoarogo@gmail.com","action":"otp_sent","details":{"emailSent":false},"status":"success","ipAddress":"::1","userAgent":null,"hash":"mir76ei6h1664ssr9qv"}
{"timestamp":"2025-12-04T08:52:29.761Z","adminId":1,"email":"cjoarogo@gmail.com","action":"mfa_otp_verification_success","details":{"mfaType":"totp"},"status":"success","ipAddress":"::1","userAgent":null,"hash":"mir76pxdq28qk9y6t"}
{"timestamp":"2025-12-04T08:52:29.762Z","adminId":1,"email":"cjoarogo@gmail.com","action":"login_otp_verified","details":{},"status":"success","ipAddress":"::1","userAgent":null,"hash":"mir76pxe3yy1pxacb7f"}
{"timestamp":"2025-12-04T08:52:29.781Z","adminId":1,"email":"cjoarogo@gmail.com","action":"data_access","details":{"dataType":"dashboard","recordCount":0},"status":"success","ipAddress":"::1","userAgent":null,"hash":"mir76pxxgoo1ku3eky"}
{"timestamp":"2025-12-04T08:52:53.228Z","adminId":1,"email":"cjoarogo@gmail.com","action":"data_access","details":{"dataType":"system_alerts","recordCount":0},"status":"success","ipAddress":"::1","userAgent":null,"hash":"mir77818pyuh20ff2hg"}
{"timestamp":"2025-12-04T08:52:54.877Z","adminId":1,"email":"cjoarogo@gmail.com","action":"unauthorized_role_access","details":{"requiredRole":"admin","userRole":"super_admin","endpoint":"/admin/audit-logs"},"status":"failure","ipAddress":"::1","userAgent":null,"hash":"mir779b1695e31sjl9k"}
{"timestamp":"2025-12-04T08:52:57.548Z","adminId":1,"email":"cjoarogo@gmail.com","action":"data_access","details":{"dataType":"security_logs","recordCount":30},"status":"success","ipAddress":"::1","userAgent":null,"hash":"mir77bd97jy4sh4epph"}
{"timestamp":"2025-12-04T08:53:28.630Z","adminId":1,"email":"cjoarogo@gmail.com","action":"data_access","details":{"dataType":"admin_users","recordCount":1},"status":"success","ipAddress":"::1","userAgent":null,"hash":"mir77zcmz9fp40wi39e"}
{"timestamp":"2025-12-04T08:54:06.953Z","adminId":1,"email":"cjoarogo@gmail.com","action":"logout","details":{},"status":"success","ipAddress":"::1","userAgent":null,"hash":"mir78sx5jdaf3pktxad"}
{"timestamp":"2025-12-04T08:54:25.012Z","adminId":null,"email":"cjoarogo@gmail.com","action":"login_success","details":{"reason":"OTP sent"},"status":"success","ipAddress":"::1","userAgent":"Mozilla/5.0 (X11; Linux x86_64) AppleWebKit/537.36 (KHTML, like Gecko) Chrome/141.0.0.0 Safari/537.36","hash":"mir796ussi55352k07"}
{"timestamp":"2025-12-04T08:54:25.013Z","adminId":1,"email":"cjoarogo@gmail.com","action":"otp_sent","details":{"emailSent":false},"status":"success","ipAddress":"::1","userAgent":null,"hash":"mir796utsabh7opb9hj"}
{"timestamp":"2025-12-04T08:54:41.808Z","adminId":1,"email":"cjoarogo@gmail.com","action":"mfa_otp_verification_success","details":{"mfaType":"totp"},"status":"success","ipAddress":"::1","userAgent":null,"hash":"mir79jtcuofa4zto06r"}
{"timestamp":"2025-12-04T08:54:41.809Z","adminId":1,"email":"cjoarogo@gmail.com","action":"login_otp_verified","details":{},"status":"success","ipAddress":"::1","userAgent":null,"hash":"mir79jtd62ar4xuss3l"}
{"timestamp":"2025-12-04T08:54:41.821Z","adminId":1,"email":"cjoarogo@gmail.com","action":"data_access","details":{"dataType":"dashboard","recordCount":0},"status":"success","ipAddress":"::1","userAgent":null,"hash":"mir79jtp5er31k1pln4"}
{"timestamp":"2025-12-04T08:57:06.798Z","adminId":1,"email":"cjoarogo@gmail.com","action":"data_access","details":{"dataType":"security_logs","recordCount":30},"status":"success","ipAddress":"::1","userAgent":null,"hash":"mir7cnoui5am1ru22kc"}
{"timestamp":"2025-12-04T08:57:15.884Z","adminId":1,"email":"cjoarogo@gmail.com","action":"unauthorized_role_access","details":{"requiredRole":"admin","userRole":"super_admin","endpoint":"/admin/audit-logs"},"status":"failure","ipAddress":"::1","userAgent":null,"hash":"mir7cup8hi5codtkaet"}
{"timestamp":"2025-12-04T08:57:22.274Z","adminId":1,"email":"cjoarogo@gmail.com","action":"data_access","details":{"dataType":"admin_users","recordCount":1},"status":"success","ipAddress":"::1","userAgent":null,"hash":"mir7czmq36san4yywg"}
{"timestamp":"2025-12-04T08:58:48.045Z","adminId":1,"email":"cjoarogo@gmail.com","action":"create_admin_user","details":{"email":"wycliffeopela@gmail.com","role":"admin"},"status":"success","ipAddress":"::1","userAgent":null,"hash":"mir7ett9gk62ac64rkg"}
{"timestamp":"2025-12-04T08:58:49.556Z","adminId":1,"email":"cjoarogo@gmail.com","action":"data_access","details":{"dataType":"admin_users","recordCount":2},"status":"success","ipAddress":"::1","userAgent":null,"hash":"mir7euz8gkbrvw4wt99"}
{"timestamp":"2025-12-04T08:59:03.275Z","adminId":1,"email":"cjoarogo@gmail.com","action":"logout","details":{},"status":"success","ipAddress":"::1","userAgent":null,"hash":"mir7f5kbk78biyiada"}
{"timestamp":"2025-12-04T08:59:27.859Z","adminId":null,"email":"wycliffeopela@gmail.com","action":"login_failure","details":{"reason":"Invalid password"},"status":"failure","ipAddress":"::1","userAgent":"Mozilla/5.0 (X11; Linux x86_64) AppleWebKit/537.36 (KHTML, like Gecko) Chrome/141.0.0.0 Safari/537.36","hash":"mir7foj7rwjxfj1zanb"}
{"timestamp":"2025-12-04T09:00:54.271Z","adminId":null,"email":"cjoarogo@gmail.com","action":"login_success","details":{"reason":"OTP sent"},"status":"success","ipAddress":"::1","userAgent":"Mozilla/5.0 (X11; Linux x86_64) AppleWebKit/537.36 (KHTML, like Gecko) Chrome/141.0.0.0 Safari/537.36","hash":"mir7hj7jnbp4l2t0v8s"}
{"timestamp":"2025-12-04T09:00:54.272Z","adminId":1,"email":"cjoarogo@gmail.com","action":"otp_sent","details":{"emailSent":false},"status":"success","ipAddress":"::1","userAgent":null,"hash":"mir7hj7kllvedktg3m"}
{"timestamp":"2025-12-04T09:01:33.597Z","adminId":1,"email":"cjoarogo@gmail.com","action":"mfa_otp_verification_success","details":{"mfaType":"totp"},"status":"success","ipAddress":"::1","userAgent":null,"hash":"mir7idjxn1r373vo00h"}
{"timestamp":"2025-12-04T09:01:33.598Z","adminId":1,"email":"cjoarogo@gmail.com","action":"login_otp_verified","details":{},"status":"success","ipAddress":"::1","userAgent":null,"hash":"mir7idjyon9fnhr7m4k"}
{"timestamp":"2025-12-04T09:01:33.613Z","adminId":1,"email":"cjoarogo@gmail.com","action":"data_access","details":{"dataType":"dashboard","recordCount":0},"status":"success","ipAddress":"::1","userAgent":null,"hash":"mir7idkdx54bsqgl2hn"}
{"timestamp":"2025-12-04T09:04:06.036Z","adminId":null,"email":"cjoarogo@gmail.com","action":"login_success","details":{"reason":"OTP sent"},"status":"success","ipAddress":"::1","userAgent":"Mozilla/5.0 (X11; Linux x86_64) AppleWebKit/537.36 (KHTML, like Gecko) Chrome/141.0.0.0 Safari/537.36","hash":"mir7ln6cjettgil3jum"}
{"timestamp":"2025-12-04T09:04:06.036Z","adminId":1,"email":"cjoarogo@gmail.com","action":"otp_sent","details":{"emailSent":false},"status":"success","ipAddress":"::1","userAgent":null,"hash":"mir7ln6cc9tqh0b3e0n"}
{"timestamp":"2025-12-04T09:04:26.484Z","adminId":1,"email":"cjoarogo@gmail.com","action":"mfa_otp_verification_success","details":{"mfaType":"totp"},"status":"success","ipAddress":"::1","userAgent":null,"hash":"mir7m2ycm542m2j4b4l"}
{"timestamp":"2025-12-04T09:04:26.485Z","adminId":1,"email":"cjoarogo@gmail.com","action":"login_otp_verified","details":{},"status":"success","ipAddress":"::1","userAgent":null,"hash":"mir7m2ydos76g5d4f9p"}
{"timestamp":"2025-12-04T09:04:26.500Z","adminId":1,"email":"cjoarogo@gmail.com","action":"data_access","details":{"dataType":"dashboard","recordCount":0},"status":"success","ipAddress":"::1","userAgent":null,"hash":"mir7m2ysspa5jxodl5j"}
{"timestamp":"2025-12-04T09:04:31.675Z","adminId":1,"email":"cjoarogo@gmail.com","action":"data_access","details":{"dataType":"admin_users","recordCount":2},"status":"success","ipAddress":"::1","userAgent":null,"hash":"mir7m6yjccvrj4nlvql"}
{"timestamp":"2025-12-04T09:05:18.891Z","adminId":1,"email":"cjoarogo@gmail.com","action":"data_access","details":{"dataType":"system_alerts","recordCount":0},"status":"success","ipAddress":"::1","userAgent":null,"hash":"mir7n7e3dz4xfz2v7e"}
{"timestamp":"2025-12-04T09:05:23.466Z","adminId":1,"email":"cjoarogo@gmail.com","action":"data_access","details":{"dataType":"dashboard","recordCount":0},"status":"success","ipAddress":"::1","userAgent":null,"hash":"mir7nax6h8b2kyf0p0f"}
{"timestamp":"2025-12-04T09:49:37.752Z","adminId":1,"email":"cjoarogo@gmail.com","action":"data_access","details":{"dataType":"system_alerts","recordCount":0},"status":"success","ipAddress":"::1","userAgent":null,"hash":"mir986zc7jfjpw87exl"}
{"timestamp":"2025-12-04T09:49:38.793Z","adminId":1,"email":"cjoarogo@gmail.com","action":"unauthorized_role_access","details":{"requiredRole":"admin","userRole":"super_admin","endpoint":"/admin/audit-logs"},"status":"failure","ipAddress":"::1","userAgent":null,"hash":"mir987s9mjrn79lmh7"}
{"timestamp":"2025-12-04T09:49:42.641Z","adminId":1,"email":"cjoarogo@gmail.com","action":"data_access","details":{"dataType":"security_logs","recordCount":34},"status":"success","ipAddress":"::1","userAgent":null,"hash":"mir98ar5w82hphsoh4a"}
{"timestamp":"2025-12-04T09:49:47.368Z","adminId":1,"email":"cjoarogo@gmail.com","action":"data_access","details":{"dataType":"admin_users","recordCount":2},"status":"success","ipAddress":"::1","userAgent":null,"hash":"mir98eegedj01eal295"}
{"timestamp":"2025-12-04T09:49:52.864Z","adminId":1,"email":"cjoarogo@gmail.com","action":"logout","details":{},"status":"success","ipAddress":"::1","userAgent":null,"hash":"mir98in4raa22r6fqri"}
{"timestamp":"2025-12-04T09:50:11.601Z","adminId":null,"email":"cjoarogo@gmail.com","action":"login_success","details":{"reason":"OTP sent"},"status":"success","ipAddress":"::1","userAgent":"Mozilla/5.0 (X11; Linux x86_64) AppleWebKit/537.36 (KHTML, like Gecko) Chrome/141.0.0.0 Safari/537.36","hash":"mir98x3lmgopxd2qgd"}
{"timestamp":"2025-12-04T09:50:11.601Z","adminId":1,"email":"cjoarogo@gmail.com","action":"otp_sent","details":{"emailSent":false},"status":"success","ipAddress":"::1","userAgent":null,"hash":"mir98x3l54v649e2e7a"}
{"timestamp":"2025-12-04T09:50:26.297Z","adminId":1,"email":"cjoarogo@gmail.com","action":"mfa_otp_verification_success","details":{"mfaType":"totp"},"status":"success","ipAddress":"::1","userAgent":null,"hash":"mir998ftlglq5x050ll"}
{"timestamp":"2025-12-04T09:50:26.297Z","adminId":1,"email":"cjoarogo@gmail.com","action":"login_otp_verified","details":{},"status":"success","ipAddress":"::1","userAgent":null,"hash":"mir998ftt08ch0llrbl"}
{"timestamp":"2025-12-04T09:50:26.307Z","adminId":1,"email":"cjoarogo@gmail.com","action":"data_access","details":{"dataType":"dashboard","recordCount":0},"status":"success","ipAddress":"::1","userAgent":null,"hash":"mir998g3gywwfcqwcrj"}
{"timestamp":"2025-12-04T10:21:11.668Z","adminId":null,"email":"cjoarogo@gmail.com","action":"login_success","details":{"reason":"OTP sent"},"status":"success","ipAddress":"::1","userAgent":"Mozilla/5.0 (X11; Linux x86_64) AppleWebKit/537.36 (KHTML, like Gecko) Chrome/141.0.0.0 Safari/537.36","hash":"miracsc4qrdmgny1pdk"}
{"timestamp":"2025-12-04T10:21:11.668Z","adminId":1,"email":"cjoarogo@gmail.com","action":"otp_sent","details":{"emailSent":false},"status":"success","ipAddress":"::1","userAgent":null,"hash":"miracsc4m5v1o1qjy47"}
{"timestamp":"2025-12-04T10:21:31.373Z","adminId":1,"email":"cjoarogo@gmail.com","action":"mfa_otp_verification_success","details":{"mfaType":"totp"},"status":"success","ipAddress":"::1","userAgent":null,"hash":"mirad7jhkpphcyxz78m"}
{"timestamp":"2025-12-04T10:21:31.373Z","adminId":1,"email":"cjoarogo@gmail.com","action":"login_otp_verified","details":{},"status":"success","ipAddress":"::1","userAgent":null,"hash":"mirad7jha8ailj3jeld"}
{"timestamp":"2025-12-04T10:21:31.386Z","adminId":1,"email":"cjoarogo@gmail.com","action":"data_access","details":{"dataType":"dashboard","recordCount":0},"status":"success","ipAddress":"::1","userAgent":null,"hash":"mirad7juewm2is1q6cl"}
{"timestamp":"2025-12-04T10:36:54.249Z","adminId":null,"email":"cjoarogo@gmail.com","action":"login_success","details":{"reason":"OTP sent"},"status":"success","ipAddress":"::1","userAgent":"Mozilla/5.0 (X11; Linux x86_64) AppleWebKit/537.36 (KHTML, like Gecko) Chrome/141.0.0.0 Safari/537.36","hash":"mirawzmxr5zq6h9nigi"}
{"timestamp":"2025-12-04T10:36:54.250Z","adminId":1,"email":"cjoarogo@gmail.com","action":"otp_sent","details":{"emailSent":false},"status":"success","ipAddress":"::1","userAgent":null,"hash":"mirawzmygey451jx04l"}
{"timestamp":"2025-12-04T10:37:20.651Z","adminId":1,"email":"cjoarogo@gmail.com","action":"mfa_otp_verification_success","details":{"mfaType":"totp"},"status":"success","ipAddress":"::1","userAgent":null,"hash":"miraxk0bvipz4dnr3sa"}
{"timestamp":"2025-12-04T10:37:20.652Z","adminId":1,"email":"cjoarogo@gmail.com","action":"login_otp_verified","details":{},"status":"success","ipAddress":"::1","userAgent":null,"hash":"miraxk0cihug3qe2hy"}
{"timestamp":"2025-12-04T10:37:20.665Z","adminId":1,"email":"cjoarogo@gmail.com","action":"data_access","details":{"dataType":"dashboard","recordCount":0},"status":"success","ipAddress":"::1","userAgent":null,"hash":"miraxk0ptkid5w5n1a"}
{"timestamp":"2025-12-04T10:37:26.287Z","adminId":1,"email":"cjoarogo@gmail.com","action":"data_access","details":{"dataType":"system_alerts","recordCount":0},"status":"success","ipAddress":"::1","userAgent":null,"hash":"miraxocvv273lzq45zq"}
{"timestamp":"2025-12-04T10:37:27.527Z","adminId":1,"email":"cjoarogo@gmail.com","action":"unauthorized_role_access","details":{"requiredRole":"admin","userRole":"super_admin","endpoint":"/admin/audit-logs"},"status":"failure","ipAddress":"::1","userAgent":null,"hash":"miraxpbb9f9qky9fxrw"}
{"timestamp":"2025-12-04T10:37:28.428Z","adminId":1,"email":"cjoarogo@gmail.com","action":"data_access","details":{"dataType":"security_logs","recordCount":35},"status":"success","ipAddress":"::1","userAgent":null,"hash":"miraxq0cnf0wdxwid8e"}
{"timestamp":"2025-12-04T10:37:30.468Z","adminId":1,"email":"cjoarogo@gmail.com","action":"data_access","details":{"dataType":"admin_users","recordCount":2},"status":"success","ipAddress":"::1","userAgent":null,"hash":"miraxrl0ewc7btma1v7"}
{"timestamp":"2025-12-04T10:37:34.287Z","adminId":1,"email":"cjoarogo@gmail.com","action":"logout","details":{},"status":"success","ipAddress":"::1","userAgent":null,"hash":"miraxuj3mt6cmeerlo"}
{"timestamp":"2025-12-04T10:38:28.398Z","adminId":null,"email":"cjoarogo@gmail.com","action":"login_success","details":{"reason":"OTP sent"},"status":"success","ipAddress":"::1","userAgent":"Mozilla/5.0 (X11; Linux x86_64) AppleWebKit/537.36 (KHTML, like Gecko) Chrome/141.0.0.0 Safari/537.36","hash":"miraz0a6eey03abp9hc"}
{"timestamp":"2025-12-04T10:38:28.399Z","adminId":1,"email":"cjoarogo@gmail.com","action":"otp_sent","details":{"emailSent":false},"status":"success","ipAddress":"::1","userAgent":null,"hash":"miraz0a7ncu2jso0j7"}
{"timestamp":"2025-12-04T10:38:40.484Z","adminId":1,"email":"cjoarogo@gmail.com","action":"mfa_otp_verification_success","details":{"mfaType":"totp"},"status":"success","ipAddress":"::1","userAgent":null,"hash":"miraz9lwwzhsfd33mc8"}
{"timestamp":"2025-12-04T10:38:40.484Z","adminId":1,"email":"cjoarogo@gmail.com","action":"login_otp_verified","details":{},"status":"success","ipAddress":"::1","userAgent":null,"hash":"miraz9lw2bpefd1up9r"}
{"timestamp":"2025-12-04T10:38:40.496Z","adminId":1,"email":"cjoarogo@gmail.com","action":"data_access","details":{"dataType":"dashboard","recordCount":0},"status":"success","ipAddress":"::1","userAgent":null,"hash":"miraz9m8dvuys1np0no"}
{"timestamp":"2025-12-04T10:53:10.157Z","adminId":1,"email":"cjoarogo@gmail.com","action":"data_access","details":{"dataType":"admin_users","recordCount":2},"status":"success","ipAddress":"::1","userAgent":null,"hash":"mirbhwnhes4pzni0l9"}
{"timestamp":"2025-12-04T10:53:26.018Z","adminId":null,"email":"cjoarogo@gmail.com","action":"login_success","details":{"reason":"OTP sent"},"status":"success","ipAddress":"::1","userAgent":"Mozilla/5.0 (X11; Linux x86_64) AppleWebKit/537.36 (KHTML, like Gecko) Chrome/141.0.0.0 Safari/537.36","hash":"mirbi8w23a0b63s54va"}
{"timestamp":"2025-12-04T10:53:26.019Z","adminId":1,"email":"cjoarogo@gmail.com","action":"otp_sent","details":{"emailSent":false},"status":"success","ipAddress":"::1","userAgent":null,"hash":"mirbi8w368wcls0e6sm"}
{"timestamp":"2025-12-04T10:53:40.091Z","adminId":1,"email":"cjoarogo@gmail.com","action":"mfa_otp_verification_success","details":{"mfaType":"totp"},"status":"success","ipAddress":"::1","userAgent":null,"hash":"mirbijqzki3s8qmf1yo"}
{"timestamp":"2025-12-04T10:53:40.091Z","adminId":1,"email":"cjoarogo@gmail.com","action":"login_otp_verified","details":{},"status":"success","ipAddress":"::1","userAgent":null,"hash":"mirbijqzdxnjnm53jr"}
{"timestamp":"2025-12-04T10:53:40.105Z","adminId":1,"email":"cjoarogo@gmail.com","action":"data_access","details":{"dataType":"dashboard","recordCount":0},"status":"success","ipAddress":"::1","userAgent":null,"hash":"mirbijrdrthrydk9ve"}
{"timestamp":"2025-12-04T10:53:50.492Z","adminId":1,"email":"cjoarogo@gmail.com","action":"data_access","details":{"dataType":"system_alerts","recordCount":0},"status":"success","ipAddress":"::1","userAgent":null,"hash":"mirbirrwb6p9tmxw2bg"}
{"timestamp":"2025-12-04T10:53:52.094Z","adminId":1,"email":"cjoarogo@gmail.com","action":"data_access","details":{"dataType":"system_alerts","recordCount":0},"status":"success","ipAddress":"::1","userAgent":null,"hash":"mirbit0e9kqk9vfxpq"}
{"timestamp":"2025-12-04T10:53:55.117Z","adminId":1,"email":"cjoarogo@gmail.com","action":"data_access","details":{"dataType":"security_logs","recordCount":36},"status":"success","ipAddress":"::1","userAgent":null,"hash":"mirbivcdjjhzfcknqy"}
{"timestamp":"2025-12-04T10:54:03.039Z","adminId":1,"email":"cjoarogo@gmail.com","action":"data_access","details":{"dataType":"admin_users","recordCount":2},"status":"success","ipAddress":"::1","userAgent":null,"hash":"mirbj1gff2na4qnu72h"}
{"timestamp":"2025-12-04T10:54:43.322Z","adminId":1,"email":"cjoarogo@gmail.com","action":"data_access","details":{"dataType":"admin_users","recordCount":2},"status":"success","ipAddress":"::1","userAgent":null,"hash":"mirbjwjepynsw27gew"}
{"timestamp":"2025-12-04T10:54:44.846Z","adminId":1,"email":"cjoarogo@gmail.com","action":"data_access","details":{"dataType":"security_logs","recordCount":36},"status":"success","ipAddress":"::1","userAgent":null,"hash":"mirbjxpq6qsu3tqli1v"}
{"timestamp":"2025-12-04T10:54:46.322Z","adminId":1,"email":"cjoarogo@gmail.com","action":"unauthorized_role_access","details":{"requiredRole":"admin","userRole":"super_admin","endpoint":"/admin/audit-logs"},"status":"failure","ipAddress":"::1","userAgent":null,"hash":"mirbjyuqgqjabhccdlu"}
{"timestamp":"2025-12-04T11:46:11.845Z","adminId":null,"email":"cjoarogo@gmail.com","action":"login_success","details":{"reason":"OTP sent"},"status":"success","ipAddress":"::1","userAgent":"Mozilla/5.0 (X11; Linux x86_64) AppleWebKit/537.36 (KHTML, like Gecko) Chrome/141.0.0.0 Safari/537.36","hash":"mirde3nph1rkt01ujxh"}
{"timestamp":"2025-12-04T11:46:11.845Z","adminId":1,"email":"cjoarogo@gmail.com","action":"otp_sent","details":{"emailSent":false},"status":"success","ipAddress":"::1","userAgent":null,"hash":"mirde3npy8zdveywgs"}
{"timestamp":"2025-12-04T11:46:28.766Z","adminId":1,"email":"cjoarogo@gmail.com","action":"mfa_otp_verification_success","details":{"mfaType":"totp"},"status":"success","ipAddress":"::1","userAgent":null,"hash":"mirdegpq2caej09ya5h"}
{"timestamp":"2025-12-04T11:46:28.766Z","adminId":1,"email":"cjoarogo@gmail.com","action":"login_otp_verified","details":{},"status":"success","ipAddress":"::1","userAgent":null,"hash":"mirdegpqrezmjc7ov6i"}
{"timestamp":"2025-12-04T11:46:28.779Z","adminId":1,"email":"cjoarogo@gmail.com","action":"data_access","details":{"dataType":"dashboard","recordCount":0},"status":"success","ipAddress":"::1","userAgent":null,"hash":"mirdegq3pzu8fd906pa"}
{"timestamp":"2025-12-04T11:46:32.568Z","adminId":1,"email":"cjoarogo@gmail.com","action":"data_access","details":{"dataType":"admin_users","recordCount":2},"status":"success","ipAddress":"::1","userAgent":null,"hash":"mirdejncui0v51jl2r"}
{"timestamp":"2025-12-04T11:46:34.696Z","adminId":1,"email":"cjoarogo@gmail.com","action":"data_access","details":{"dataType":"security_logs","recordCount":37},"status":"success","ipAddress":"::1","userAgent":null,"hash":"mirdelagxot4pk09qrg"}
{"timestamp":"2025-12-04T11:46:38.027Z","adminId":1,"email":"cjoarogo@gmail.com","action":"unauthorized_role_access","details":{"requiredRole":"admin","userRole":"super_admin","endpoint":"/admin/audit-logs"},"status":"failure","ipAddress":"::1","userAgent":null,"hash":"mirdenuzyno2pbx6qs"}
{"timestamp":"2025-12-04T11:46:40.504Z","adminId":1,"email":"cjoarogo@gmail.com","action":"data_access","details":{"dataType":"system_alerts","recordCount":0},"status":"success","ipAddress":"::1","userAgent":null,"hash":"mirdeprs2dfqlmux062"}
{"timestamp":"2025-12-04T11:46:44.285Z","adminId":1,"email":"cjoarogo@gmail.com","action":"data_access","details":{"dataType":"dashboard","recordCount":0},"status":"success","ipAddress":"::1","userAgent":null,"hash":"mirdesot104k41zgbzs"}
{"timestamp":"2025-12-04T11:59:57.151Z","adminId":1,"email":"cjoarogo@gmail.com","action":"data_access","details":{"dataType":"system_alerts","recordCount":0},"status":"success","ipAddress":"::1","userAgent":null,"hash":"mirdvsgv53ociwml08i"}
{"timestamp":"2025-12-04T11:59:59.695Z","adminId":1,"email":"cjoarogo@gmail.com","action":"data_access","details":{"dataType":"security_logs","recordCount":38},"status":"success","ipAddress":"::1","userAgent":null,"hash":"mirdvufjsjgl91k33cf"}
{"timestamp":"2025-12-04T12:00:31.489Z","adminId":1,"email":"cjoarogo@gmail.com","action":"logout","details":{},"status":"success","ipAddress":"::1","userAgent":null,"hash":"mirdwiypbuv8b6arp1r"}
{"timestamp":"2025-12-04T12:00:42.885Z","adminId":null,"email":"cjoarogo@gmail.com","action":"login_success","details":{"reason":"OTP sent"},"status":"success","ipAddress":"::1","userAgent":"Mozilla/5.0 (X11; Linux x86_64) AppleWebKit/537.36 (KHTML, like Gecko) Chrome/141.0.0.0 Safari/537.36","hash":"mirdwrr9n0t6qs4x8rb"}
{"timestamp":"2025-12-04T12:00:42.885Z","adminId":1,"email":"cjoarogo@gmail.com","action":"otp_sent","details":{"emailSent":false},"status":"success","ipAddress":"::1","userAgent":null,"hash":"mirdwrr9jn2tuqqohl8"}
{"timestamp":"2025-12-04T12:01:07.985Z","adminId":1,"email":"cjoarogo@gmail.com","action":"mfa_otp_verification_success","details":{"mfaType":"totp"},"status":"success","ipAddress":"::1","userAgent":null,"hash":"mirdxb4hrnhtbt4jih"}
{"timestamp":"2025-12-04T12:01:07.985Z","adminId":1,"email":"cjoarogo@gmail.com","action":"login_otp_verified","details":{},"status":"success","ipAddress":"::1","userAgent":null,"hash":"mirdxb4h3dt4bi1rpsr"}
{"timestamp":"2025-12-04T12:01:08.001Z","adminId":1,"email":"cjoarogo@gmail.com","action":"data_access","details":{"dataType":"dashboard","recordCount":0},"status":"success","ipAddress":"::1","userAgent":null,"hash":"mirdxb4xkp85kwyc1t"}
{"timestamp":"2025-12-04T12:28:51.083Z","adminId":null,"email":"cjoarogo@gmail.com","action":"login_success","details":{"reason":"OTP sent"},"status":"success","ipAddress":"::1","userAgent":"Mozilla/5.0 (X11; Linux x86_64) AppleWebKit/537.36 (KHTML, like Gecko) Chrome/141.0.0.0 Safari/537.36","hash":"mirewydn6b3iopk1fym"}
{"timestamp":"2025-12-04T12:28:51.084Z","adminId":1,"email":"cjoarogo@gmail.com","action":"otp_sent","details":{"emailSent":false},"status":"success","ipAddress":"::1","userAgent":null,"hash":"mirewydo614ppaz0ron"}
{"timestamp":"2025-12-04T12:29:03.766Z","adminId":1,"email":"cjoarogo@gmail.com","action":"mfa_otp_verification_success","details":{"mfaType":"totp"},"status":"success","ipAddress":"::1","userAgent":null,"hash":"mirex85yi9u5vwr6v1q"}
{"timestamp":"2025-12-04T12:29:03.767Z","adminId":1,"email":"cjoarogo@gmail.com","action":"login_otp_verified","details":{},"status":"success","ipAddress":"::1","userAgent":null,"hash":"mirex85zxxguq3xk4k"}
{"timestamp":"2025-12-04T12:29:03.781Z","adminId":1,"email":"cjoarogo@gmail.com","action":"data_access","details":{"dataType":"dashboard","recordCount":0},"status":"success","ipAddress":"::1","userAgent":null,"hash":"mirex86dzz5a9jajjn"}
{"timestamp":"2025-12-04T12:30:51.721Z","adminId":1,"email":"cjoarogo@gmail.com","action":"data_access","details":{"dataType":"system_alerts","recordCount":0},"status":"success","ipAddress":"::1","userAgent":null,"hash":"mirezjgpn1m8t7seywj"}
{"timestamp":"2025-12-04T12:30:52.976Z","adminId":1,"email":"cjoarogo@gmail.com","action":"data_access","details":{"dataType":"dashboard","recordCount":0},"status":"success","ipAddress":"::1","userAgent":null,"hash":"mirezkfkilwkl5ww3po"}
{"timestamp":"2025-12-04T12:31:01.678Z","adminId":1,"email":"cjoarogo@gmail.com","action":"data_access","details":{"dataType":"dashboard","recordCount":0},"status":"success","ipAddress":"::1","userAgent":null,"hash":"mirezr5a1c1auooea1i"}
{"timestamp":"2025-12-04T12:31:03.344Z","adminId":1,"email":"cjoarogo@gmail.com","action":"data_access","details":{"dataType":"system_alerts","recordCount":0},"status":"success","ipAddress":"::1","userAgent":null,"hash":"mirezsfk47zjvnuf2wx"}
{"timestamp":"2025-12-04T12:31:05.394Z","adminId":1,"email":"cjoarogo@gmail.com","action":"unauthorized_role_access","details":{"requiredRole":"admin","userRole":"super_admin","endpoint":"/admin/audit-logs"},"status":"failure","ipAddress":"::1","userAgent":null,"hash":"mirezu0ixhmxib5jzqs"}
{"timestamp":"2025-12-04T12:31:07.108Z","adminId":1,"email":"cjoarogo@gmail.com","action":"data_access","details":{"dataType":"system_alerts","recordCount":0},"status":"success","ipAddress":"::1","userAgent":null,"hash":"mirezvc4y07zzbxpkrg"}
{"timestamp":"2025-12-04T12:31:09.019Z","adminId":1,"email":"cjoarogo@gmail.com","action":"data_access","details":{"dataType":"dashboard","recordCount":0},"status":"success","ipAddress":"::1","userAgent":null,"hash":"mirezwt72mxmgrv4d4p"}
{"timestamp":"2025-12-04T12:32:02.127Z","adminId":1,"email":"cjoarogo@gmail.com","action":"data_access","details":{"dataType":"security_logs","recordCount":39},"status":"success","ipAddress":"::1","userAgent":null,"hash":"mirf11sfwdwg19l9om"}
{"timestamp":"2025-12-04T12:32:07.632Z","adminId":1,"email":"cjoarogo@gmail.com","action":"data_access","details":{"dataType":"admin_users","recordCount":2},"status":"success","ipAddress":"::1","userAgent":null,"hash":"mirf161cwsw7rr1smm"}
{"timestamp":"2025-12-04T19:25:39.100Z","adminId":1,"email":"cjoarogo@gmail.com","action":"data_access","details":{"dataType":"security_logs","recordCount":39},"status":"success","ipAddress":"::1","userAgent":null,"hash":"mirtsyos5a44q98ynnq"}
{"timestamp":"2025-12-04T20:09:46.653Z","adminId":1,"email":"cjoarogo@gmail.com","action":"data_access","details":{"dataType":"admin_users","recordCount":2},"status":"success","ipAddress":"::1","userAgent":null,"hash":"mirvdpjx6sajz5dhfgg"}
{"timestamp":"2025-12-04T20:12:24.467Z","adminId":1,"email":"cjoarogo@gmail.com","action":"data_access","details":{"dataType":"security_logs","recordCount":39},"status":"success","ipAddress":"::1","userAgent":null,"hash":"mirvh3bncclqz2bfh6k"}
{"timestamp":"2025-12-04T20:12:29.246Z","adminId":1,"email":"cjoarogo@gmail.com","action":"unauthorized_role_access","details":{"requiredRole":"admin","userRole":"super_admin","endpoint":"/admin/audit-logs"},"status":"failure","ipAddress":"::1","userAgent":null,"hash":"mirvh70etaxpgsdl5p9"}
{"timestamp":"2025-12-04T20:12:30.635Z","adminId":1,"email":"cjoarogo@gmail.com","action":"data_access","details":{"dataType":"system_alerts","recordCount":0},"status":"success","ipAddress":"::1","userAgent":null,"hash":"mirvh82zi87zgpouh0b"}
{"timestamp":"2025-12-04T20:12:34.286Z","adminId":1,"email":"cjoarogo@gmail.com","action":"data_access","details":{"dataType":"dashboard","recordCount":0},"status":"success","ipAddress":"::1","userAgent":null,"hash":"mirvhaweaxzhju5qpvm"}
{"timestamp":"2025-12-04T20:35:01.920Z","adminId":null,"email":"cjoarogo@gmail.com","action":"login_success","details":{"reason":"OTP sent"},"status":"success","ipAddress":"::1","userAgent":"Mozilla/5.0 (X11; Linux x86_64) AppleWebKit/537.36 (KHTML, like Gecko) Chrome/141.0.0.0 Safari/537.36","hash":"mirwa6qo131d4o1zhuob"}
{"timestamp":"2025-12-04T20:35:02.225Z","adminId":1,"email":"cjoarogo@gmail.com","action":"otp_sent","details":{"emailSent":false},"status":"success","ipAddress":"::1","userAgent":null,"hash":"mirwa6z5j4jicii6oip"}
{"timestamp":"2025-12-04T20:35:45.928Z","adminId":1,"email":"cjoarogo@gmail.com","action":"mfa_otp_verification_success","details":{"mfaType":"totp"},"status":"success","ipAddress":"::1","userAgent":null,"hash":"mirwb4p4vozi3jnf36e"}
{"timestamp":"2025-12-04T20:35:45.928Z","adminId":1,"email":"cjoarogo@gmail.com","action":"login_otp_verified","details":{},"status":"success","ipAddress":"::1","userAgent":null,"hash":"mirwb4p4q1xj5w3hpo"}
{"timestamp":"2025-12-04T20:35:45.941Z","adminId":1,"email":"cjoarogo@gmail.com","action":"data_access","details":{"dataType":"dashboard","recordCount":0},"status":"success","ipAddress":"::1","userAgent":null,"hash":"mirwb4phf92tn75f3lj"}
{"timestamp":"2025-12-05T08:02:57.268Z","adminId":null,"email":"cjoarogo@gmail.com","action":"login_success","details":{"reason":"OTP sent"},"status":"success","ipAddress":"::1","userAgent":"Mozilla/5.0 (X11; Linux x86_64) AppleWebKit/537.36 (KHTML, like Gecko) Chrome/141.0.0.0 Safari/537.36","hash":"miskuv05ny2wf6sqsrj"}
{"timestamp":"2025-12-05T08:02:57.427Z","adminId":1,"email":"cjoarogo@gmail.com","action":"otp_sent","details":{"emailSent":false},"status":"success","ipAddress":"::1","userAgent":null,"hash":"miskuv4jmwhgkjvpjom"}
{"timestamp":"2025-12-05T08:03:18.964Z","adminId":1,"email":"cjoarogo@gmail.com","action":"mfa_otp_verification_success","details":{"mfaType":"totp"},"status":"success","ipAddress":"::1","userAgent":null,"hash":"miskvbqsq816248kxd"}
{"timestamp":"2025-12-05T08:03:18.965Z","adminId":1,"email":"cjoarogo@gmail.com","action":"login_otp_verified","details":{},"status":"success","ipAddress":"::1","userAgent":null,"hash":"miskvbqtfr91g5orruj"}
{"timestamp":"2025-12-05T08:03:18.985Z","adminId":1,"email":"cjoarogo@gmail.com","action":"data_access","details":{"dataType":"dashboard","recordCount":0},"status":"success","ipAddress":"::1","userAgent":null,"hash":"miskvbrdyq1b9eglmup"}
{"timestamp":"2025-12-05T08:36:41.711Z","adminId":null,"email":"cjoarogo@gmail.com","action":"login_success","details":{"reason":"OTP sent"},"status":"success","ipAddress":"::1","userAgent":"Mozilla/5.0 (X11; Linux x86_64) AppleWebKit/537.36 (KHTML, like Gecko) Chrome/141.0.0.0 Safari/537.36","hash":"mism292njo0i58qjqz"}
{"timestamp":"2025-12-05T08:36:41.711Z","adminId":1,"email":"cjoarogo@gmail.com","action":"otp_sent","details":{"emailSent":false},"status":"success","ipAddress":"::1","userAgent":null,"hash":"mism292nkt8ctx8kvl"}
{"timestamp":"2025-12-05T08:36:56.655Z","adminId":1,"email":"cjoarogo@gmail.com","action":"mfa_otp_verification_success","details":{"mfaType":"totp"},"status":"success","ipAddress":"::1","userAgent":null,"hash":"mism2klr0il5si8dgubo"}
{"timestamp":"2025-12-05T08:36:56.655Z","adminId":1,"email":"cjoarogo@gmail.com","action":"login_otp_verified","details":{},"status":"success","ipAddress":"::1","userAgent":null,"hash":"mism2klrkhcvf1re73d"}
{"timestamp":"2025-12-05T08:36:56.674Z","adminId":1,"email":"cjoarogo@gmail.com","action":"data_access","details":{"dataType":"dashboard","recordCount":0},"status":"success","ipAddress":"::1","userAgent":null,"hash":"mism2kmat11du1kqrf"}
{"timestamp":"2025-12-05T08:37:03.278Z","adminId":1,"email":"cjoarogo@gmail.com","action":"data_access","details":{"dataType":"admin_users","recordCount":2},"status":"success","ipAddress":"::1","userAgent":null,"hash":"mism2ppqq91krygmpa"}
{"timestamp":"2025-12-05T08:37:05.933Z","adminId":1,"email":"cjoarogo@gmail.com","action":"data_access","details":{"dataType":"security_logs","recordCount":40},"status":"success","ipAddress":"::1","userAgent":null,"hash":"mism2rrhznrr8cg8b2c"}
{"timestamp":"2025-12-05T08:37:08.030Z","adminId":1,"email":"cjoarogo@gmail.com","action":"unauthorized_role_access","details":{"requiredRole":"admin","userRole":"super_admin","endpoint":"/admin/audit-logs"},"status":"failure","ipAddress":"::1","userAgent":null,"hash":"mism2tdqh8sava4pee9"}
{"timestamp":"2025-12-05T08:37:09.337Z","adminId":1,"email":"cjoarogo@gmail.com","action":"data_access","details":{"dataType":"system_alerts","recordCount":0},"status":"success","ipAddress":"::1","userAgent":null,"hash":"mism2ue14d049uvmmhz"}
{"timestamp":"2025-12-18T19:52:16.944Z","adminId":null,"email":"arogocarol224@gmail.com","action":"login_failure","details":{"reason":"User not found"},"status":"failure","ipAddress":"::1","userAgent":"Mozilla/5.0 (X11; Linux x86_64) AppleWebKit/537.36 (KHTML, like Gecko) Chrome/143.0.0.0 Safari/537.36","hash":"mjbux4xc8kv3lvi3pe3"}
{"timestamp":"2025-12-18T19:52:52.662Z","adminId":null,"email":"cjoarogo@gmail.com","action":"login_success","details":{"reason":"OTP sent"},"status":"success","ipAddress":"::1","userAgent":"Mozilla/5.0 (X11; Linux x86_64) AppleWebKit/537.36 (KHTML, like Gecko) Chrome/143.0.0.0 Safari/537.36","hash":"mjbuxwhim8gnhbw09u"}
{"timestamp":"2025-12-18T19:52:52.663Z","adminId":1,"email":"cjoarogo@gmail.com","action":"otp_sent","details":{"emailSent":false},"status":"success","ipAddress":"::1","userAgent":null,"hash":"mjbuxwhj6f1buy7dtw2"}
{"timestamp":"2025-12-18T19:53:08.858Z","adminId":1,"email":"cjoarogo@gmail.com","action":"mfa_otp_verification_success","details":{"mfaType":"totp"},"status":"success","ipAddress":"::1","userAgent":null,"hash":"mjbuy8zei7e31kl6pl8"}
{"timestamp":"2025-12-18T19:53:08.858Z","adminId":1,"email":"cjoarogo@gmail.com","action":"login_otp_verified","details":{},"status":"success","ipAddress":"::1","userAgent":null,"hash":"mjbuy8zex0dscj7qcr"}
{"timestamp":"2025-12-18T19:53:08.911Z","adminId":1,"email":"cjoarogo@gmail.com","action":"data_access","details":{"dataType":"dashboard","recordCount":0},"status":"success","ipAddress":"::1","userAgent":null,"hash":"mjbuy90v6q7cou9lj67"}
{"timestamp":"2025-12-18T19:53:28.201Z","adminId":1,"email":"cjoarogo@gmail.com","action":"data_access","details":{"dataType":"system_alerts","recordCount":0},"status":"success","ipAddress":"::1","userAgent":null,"hash":"mjbuynwpzj618o1gk0a"}
{"timestamp":"2025-12-18T19:53:31.388Z","adminId":1,"email":"cjoarogo@gmail.com","action":"unauthorized_role_access","details":{"requiredRole":"admin","userRole":"super_admin","endpoint":"/admin/audit-logs"},"status":"failure","ipAddress":"::1","userAgent":null,"hash":"mjbuyqd8u9uggn0np6c"}
{"timestamp":"2025-12-18T19:53:33.128Z","adminId":1,"email":"cjoarogo@gmail.com","action":"data_access","details":{"dataType":"security_logs","recordCount":44},"status":"success","ipAddress":"::1","userAgent":null,"hash":"mjbuyrpkac7hyczdr4t"}
{"timestamp":"2025-12-18T19:53:55.530Z","adminId":1,"email":"cjoarogo@gmail.com","action":"data_access","details":{"dataType":"admin_users","recordCount":2},"status":"success","ipAddress":"::1","userAgent":null,"hash":"mjbuz8zuzqlrpyv4n"}
{"timestamp":"2026-02-13T07:55:00.493Z","adminId":null,"email":"arogocarol224@gmail.com","action":"login_failure","details":{"reason":"User not found"},"status":"failure","ipAddress":"::1","userAgent":"Mozilla/5.0 (X11; Linux x86_64) AppleWebKit/537.36 (KHTML, like Gecko) Chrome/144.0.0.0 Safari/537.36","hash":"mlkle9sdjfxucx16t5g"}
{"timestamp":"2026-03-25T19:06:31.943Z","adminId":null,"email":"arogocarol224@gmail.com","action":"login_failure","details":{"reason":"User not found"},"status":"failure","ipAddress":"::1","userAgent":"Mozilla/5.0 (X11; Linux x86_64) AppleWebKit/537.36 (KHTML, like Gecko) Chrome/144.0.0.0 Safari/537.36","hash":"mn6ezxjbop05vfj3hs"}
{"timestamp":"2026-03-25T19:10:53.241Z","adminId":null,"email":"cjoarogo@gmail.com","action":"login_success","details":{"reason":"OTP sent"},"status":"success","ipAddress":"::1","userAgent":"Mozilla/5.0 (X11; Linux x86_64) AppleWebKit/537.36 (KHTML, like Gecko) Chrome/144.0.0.0 Safari/537.36","hash":"mn6f5j5ljdrif937sua"}
{"timestamp":"2026-03-25T19:10:53.241Z","adminId":1,"email":"cjoarogo@gmail.com","action":"otp_sent","details":{"emailSent":true},"status":"success","ipAddress":"::1","userAgent":null,"hash":"mn6f5j5l2ydhr90i6dl"}
{"timestamp":"2026-03-25T19:11:31.224Z","adminId":1,"email":"cjoarogo@gmail.com","action":"mfa_otp_verification_success","details":{"mfaType":"totp"},"status":"success","ipAddress":"::1","userAgent":null,"hash":"mn6f6cgot16x0fatd3"}
{"timestamp":"2026-03-25T19:11:31.224Z","adminId":1,"email":"cjoarogo@gmail.com","action":"login_otp_verified","details":{},"status":"success","ipAddress":"::1","userAgent":null,"hash":"mn6f6cgohnp646bcaic"}
{"timestamp":"2026-03-25T19:11:31.296Z","adminId":1,"email":"cjoarogo@gmail.com","action":"data_access","details":{"dataType":"dashboard","recordCount":0},"status":"success","ipAddress":"::1","userAgent":null,"hash":"mn6f6ciozgv135qm7fn"}
{"timestamp":"2026-03-25T19:11:31.301Z","adminId":1,"email":"cjoarogo@gmail.com","action":"data_access","details":{"dataType":"farmer_profiles","recordCount":0},"status":"success","ipAddress":"::1","userAgent":null,"hash":"mn6f6citbxjg1cz5b4h"}
{"timestamp":"2026-03-25T19:11:31.309Z","adminId":1,"email":"cjoarogo@gmail.com","action":"data_access","details":{"dataType":"system_alerts","recordCount":0},"status":"success","ipAddress":"::1","userAgent":null,"hash":"mn6f6cj1cbus70rp7q"}
{"timestamp":"2026-03-25T19:11:31.320Z","adminId":1,"email":"cjoarogo@gmail.com","action":"unauthorized_role_access","details":{"requiredRole":"admin","userRole":"super_admin","endpoint":"/admin/audit-logs"},"status":"failure","ipAddress":"::1","userAgent":null,"hash":"mn6f6cjcbj8r1aykep"}
{"timestamp":"2026-03-25T19:11:38.618Z","adminId":null,"email":"cjoarogo@gmail.com","action":"login_success","details":{"reason":"OTP sent"},"status":"success","ipAddress":"::1","userAgent":"Mozilla/5.0 (X11; Linux x86_64) AppleWebKit/537.36 (KHTML, like Gecko) Chrome/144.0.0.0 Safari/537.36","hash":"mn6f6i62pmkg3xfch2k"}
{"timestamp":"2026-03-25T19:11:38.618Z","adminId":1,"email":"cjoarogo@gmail.com","action":"otp_sent","details":{"emailSent":true},"status":"success","ipAddress":"::1","userAgent":null,"hash":"mn6f6i62wye8gzu2e"}
{"timestamp":"2026-03-25T19:12:28.421Z","adminId":1,"email":"cjoarogo@gmail.com","action":"mfa_otp_verification_success","details":{"mfaType":"totp"},"status":"success","ipAddress":"::1","userAgent":null,"hash":"mn6f7klhpazn096ybo"}
{"timestamp":"2026-03-25T19:12:28.421Z","adminId":1,"email":"cjoarogo@gmail.com","action":"login_otp_verified","details":{},"status":"success","ipAddress":"::1","userAgent":null,"hash":"mn6f7klhnqe9omikls9"}
{"timestamp":"2026-03-25T19:12:28.440Z","adminId":1,"email":"cjoarogo@gmail.com","action":"unauthorized_role_access","details":{"requiredRole":"admin","userRole":"super_admin","endpoint":"/admin/audit-logs"},"status":"failure","ipAddress":"::1","userAgent":null,"hash":"mn6f7km0hghprjssb97"}
{"timestamp":"2026-03-25T19:12:29.256Z","adminId":1,"email":"cjoarogo@gmail.com","action":"data_access","details":{"dataType":"farmer_profiles","recordCount":0},"status":"success","ipAddress":"::1","userAgent":null,"hash":"mn6f7l8onohv4uorddf"}
{"timestamp":"2026-03-25T19:12:29.272Z","adminId":1,"email":"cjoarogo@gmail.com","action":"data_access","details":{"dataType":"dashboard","recordCount":0},"status":"success","ipAddress":"::1","userAgent":null,"hash":"mn6f7l94sp1w66lhhq"}
{"timestamp":"2026-03-25T19:12:29.299Z","adminId":1,"email":"cjoarogo@gmail.com","action":"data_access","details":{"dataType":"system_alerts","recordCount":0},"status":"success","ipAddress":"::1","userAgent":null,"hash":"mn6f7l9v20qutfyk6zq"}
{"timestamp":"2026-03-25T19:16:02.391Z","adminId":null,"email":"cjoarogo@gmail.com","action":"login_success","details":{"reason":"OTP sent"},"status":"success","ipAddress":"::1","userAgent":"Mozilla/5.0 (X11; Linux x86_64) AppleWebKit/537.36 (KHTML, like Gecko) Chrome/144.0.0.0 Safari/537.36","hash":"mn6fc5p3zb071q1owci"}
{"timestamp":"2026-03-25T19:16:02.391Z","adminId":1,"email":"cjoarogo@gmail.com","action":"otp_sent","details":{"emailSent":true},"status":"success","ipAddress":"::1","userAgent":null,"hash":"mn6fc5p32d07u3arr0c"}
{"timestamp":"2026-03-25T19:16:05.128Z","adminId":1,"email":"cjoarogo@gmail.com","action":"mfa_otp_verification_failed","details":{"mfaType":"totp"},"status":"failure","ipAddress":"::1","userAgent":null,"hash":"mn6fc7t46wjyhmxhcca"}
{"timestamp":"2026-03-25T19:16:23.760Z","adminId":null,"email":"cjoarogo@gmail.com","action":"login_success","details":{"reason":"OTP sent"},"status":"success","ipAddress":"::1","userAgent":"Mozilla/5.0 (X11; Linux x86_64) AppleWebKit/537.36 (KHTML, like Gecko) Chrome/144.0.0.0 Safari/537.36","hash":"mn6fcm6oxacnwg299ef"}
{"timestamp":"2026-03-25T19:16:23.760Z","adminId":1,"email":"cjoarogo@gmail.com","action":"otp_sent","details":{"emailSent":true},"status":"success","ipAddress":"::1","userAgent":null,"hash":"mn6fcm6otg1vylcl5yf"}
{"timestamp":"2026-03-25T19:16:44.774Z","adminId":1,"email":"cjoarogo@gmail.com","action":"mfa_otp_verification_success","details":{"mfaType":"totp"},"status":"success","ipAddress":"::1","userAgent":null,"hash":"mn6fd2ee6d3g36yoex"}
{"timestamp":"2026-03-25T19:16:44.774Z","adminId":1,"email":"cjoarogo@gmail.com","action":"login_otp_verified","details":{},"status":"success","ipAddress":"::1","userAgent":null,"hash":"mn6fd2ee53w96aw5n7t"}
{"timestamp":"2026-03-25T19:16:44.837Z","adminId":1,"email":"cjoarogo@gmail.com","action":"data_access","details":{"dataType":"dashboard","recordCount":0},"status":"success","ipAddress":"::1","userAgent":null,"hash":"mn6fd2g5j4l7fimt9m"}
{"timestamp":"2026-03-25T19:16:44.859Z","adminId":1,"email":"cjoarogo@gmail.com","action":"data_access","details":{"dataType":"farmer_profiles","recordCount":0},"status":"success","ipAddress":"::1","userAgent":null,"hash":"mn6fd2gr152bcpsd8ib"}
{"timestamp":"2026-03-25T19:16:44.872Z","adminId":1,"email":"cjoarogo@gmail.com","action":"data_access","details":{"dataType":"system_alerts","recordCount":0},"status":"success","ipAddress":"::1","userAgent":null,"hash":"mn6fd2h4c30b14r9o78"}
{"timestamp":"2026-03-25T19:16:44.882Z","adminId":1,"email":"cjoarogo@gmail.com","action":"data_access","details":{"dataType":"audit_logs","recordCount":0},"status":"success","ipAddress":"::1","userAgent":null,"hash":"mn6fd2hey9m75cohad"}
{"timestamp":"2026-03-25T19:16:46.034Z","adminId":1,"email":"cjoarogo@gmail.com","action":"data_access","details":{"dataType":"admin_users","recordCount":1},"status":"success","ipAddress":"::1","userAgent":null,"hash":"mn6fd3de1o6m3vuucks"}
{"timestamp":"2026-03-25T19:16:46.038Z","adminId":1,"email":"cjoarogo@gmail.com","action":"data_access","details":{"dataType":"security_logs","recordCount":12},"status":"success","ipAddress":"::1","userAgent":null,"hash":"mn6fd3dijaslotky9z"}
{"timestamp":"2026-03-25T19:19:21.117Z","adminId":1,"email":"cjoarogo@gmail.com","action":"data_access","details":{"dataType":"dashboard","recordCount":0},"status":"success","ipAddress":"::1","userAgent":null,"hash":"mn6fgf19nee8zdfk9ps"}
{"timestamp":"2026-03-25T19:19:21.121Z","adminId":1,"email":"cjoarogo@gmail.com","action":"data_access","details":{"dataType":"farmer_profiles","recordCount":0},"status":"success","ipAddress":"::1","userAgent":null,"hash":"mn6fgf1d9u3qvxyspzq"}
{"timestamp":"2026-03-25T19:19:21.128Z","adminId":1,"email":"cjoarogo@gmail.com","action":"data_access","details":{"dataType":"system_alerts","recordCount":0},"status":"success","ipAddress":"::1","userAgent":null,"hash":"mn6fgf1krtjnf1l7s2"}
{"timestamp":"2026-03-25T19:19:21.132Z","adminId":1,"email":"cjoarogo@gmail.com","action":"data_access","details":{"dataType":"audit_logs","recordCount":0},"status":"success","ipAddress":"::1","userAgent":null,"hash":"mn6fgf1otwtvwdhva1j"}
{"timestamp":"2026-03-25T19:19:21.634Z","adminId":1,"email":"cjoarogo@gmail.com","action":"data_access","details":{"dataType":"security_logs","recordCount":12},"status":"success","ipAddress":"::1","userAgent":null,"hash":"mn6fgffm5iiaentomnl"}
{"timestamp":"2026-03-25T19:19:21.638Z","adminId":1,"email":"cjoarogo@gmail.com","action":"data_access","details":{"dataType":"admin_users","recordCount":1},"status":"success","ipAddress":"::1","userAgent":null,"hash":"mn6fgffqvn7wfzbuszc"}
{"timestamp":"2026-03-25T19:19:21.982Z","adminId":1,"email":"cjoarogo@gmail.com","action":"data_access","details":{"dataType":"dashboard","recordCount":0},"status":"success","ipAddress":"::1","userAgent":null,"hash":"mn6fgfparprth3vjrze"}
{"timestamp":"2026-03-25T19:19:21.985Z","adminId":1,"email":"cjoarogo@gmail.com","action":"data_access","details":{"dataType":"farmer_profiles","recordCount":0},"status":"success","ipAddress":"::1","userAgent":null,"hash":"mn6fgfpd4my217i8b9d"}
{"timestamp":"2026-03-25T19:19:21.987Z","adminId":1,"email":"cjoarogo@gmail.com","action":"data_access","details":{"dataType":"system_alerts","recordCount":0},"status":"success","ipAddress":"::1","userAgent":null,"hash":"mn6fgfpfrtp08avv9io"}
{"timestamp":"2026-03-25T19:19:21.990Z","adminId":1,"email":"cjoarogo@gmail.com","action":"data_access","details":{"dataType":"audit_logs","recordCount":0},"status":"success","ipAddress":"::1","userAgent":null,"hash":"mn6fgfpi4wdprzeotdx"}
{"timestamp":"2026-03-25T19:19:22.427Z","adminId":1,"email":"cjoarogo@gmail.com","action":"data_access","details":{"dataType":"admin_users","recordCount":1},"status":"success","ipAddress":"::1","userAgent":null,"hash":"mn6fgg1n4ffcmrda7t"}
{"timestamp":"2026-03-25T19:19:22.435Z","adminId":1,"email":"cjoarogo@gmail.com","action":"data_access","details":{"dataType":"security_logs","recordCount":12},"status":"success","ipAddress":"::1","userAgent":null,"hash":"mn6fgg1v1gwgyzo2hk3"}
{"timestamp":"2026-03-25T19:19:23.270Z","adminId":1,"email":"cjoarogo@gmail.com","action":"data_access","details":{"dataType":"farmer_profiles","recordCount":0},"status":"success","ipAddress":"::1","userAgent":null,"hash":"mn6fggp26ynpf8hegj4"}
{"timestamp":"2026-03-25T19:19:23.273Z","adminId":1,"email":"cjoarogo@gmail.com","action":"data_access","details":{"dataType":"system_alerts","recordCount":0},"status":"success","ipAddress":"::1","userAgent":null,"hash":"mn6fggp54j4lgx7fter"}
{"timestamp":"2026-03-25T19:19:23.280Z","adminId":1,"email":"cjoarogo@gmail.com","action":"data_access","details":{"dataType":"dashboard","recordCount":0},"status":"success","ipAddress":"::1","userAgent":null,"hash":"mn6fggpc14i787tat1l"}
{"timestamp":"2026-03-25T19:19:23.285Z","adminId":1,"email":"cjoarogo@gmail.com","action":"data_access","details":{"dataType":"audit_logs","recordCount":0},"status":"success","ipAddress":"::1","userAgent":null,"hash":"mn6fggphbgw6fm5dze"}
{"timestamp":"2026-03-25T19:19:23.322Z","adminId":1,"email":"cjoarogo@gmail.com","action":"data_access","details":{"dataType":"admin_users","recordCount":1},"status":"success","ipAddress":"::1","userAgent":null,"hash":"mn6fggqiuz8u397avmq"}
{"timestamp":"2026-03-25T19:19:23.326Z","adminId":1,"email":"cjoarogo@gmail.com","action":"data_access","details":{"dataType":"security_logs","recordCount":12},"status":"success","ipAddress":"::1","userAgent":null,"hash":"mn6fggqmmvdjzmvm609"}
{"timestamp":"2026-03-25T19:39:42.856Z","adminId":1,"email":"cjoarogo@gmail.com","action":"data_access","details":{"dataType":"dashboard","recordCount":0},"status":"success","ipAddress":"::1","userAgent":null,"hash":"mn6g6lqg8hrkshf2j0i"}
{"timestamp":"2026-03-25T19:39:42.865Z","adminId":1,"email":"cjoarogo@gmail.com","action":"data_access","details":{"dataType":"farmer_profiles","recordCount":0},"status":"success","ipAddress":"::1","userAgent":null,"hash":"mn6g6lqpaocikw3pk97"}
{"timestamp":"2026-03-25T19:39:42.874Z","adminId":1,"email":"cjoarogo@gmail.com","action":"data_access","details":{"dataType":"system_alerts","recordCount":0},"status":"success","ipAddress":"::1","userAgent":null,"hash":"mn6g6lqypp4v8wkfj6"}
{"timestamp":"2026-03-25T19:39:42.887Z","adminId":1,"email":"cjoarogo@gmail.com","action":"data_access","details":{"dataType":"audit_logs","recordCount":0},"status":"success","ipAddress":"::1","userAgent":null,"hash":"mn6g6lrb6ykq16tfc7n"}
{"timestamp":"2026-03-25T19:39:47.046Z","adminId":1,"email":"cjoarogo@gmail.com","action":"data_access","details":{"dataType":"admin_users","recordCount":1},"status":"success","ipAddress":"::1","userAgent":null,"hash":"mn6g6oyumv0audmrus"}
{"timestamp":"2026-03-25T19:39:48.301Z","adminId":1,"email":"cjoarogo@gmail.com","action":"data_access","details":{"dataType":"security_logs","recordCount":12},"status":"success","ipAddress":"::1","userAgent":null,"hash":"mn6g6pxpl30hvk7v53"}
